###############################################################
#  Generated by:      Cadence Innovus 17.12-s095_1
#  OS:                Linux x86_64(Host ID cad12)
#  Generated on:      Wed Jul  2 18:48:45 2025
#  Design:            cla_4bit
#  Command:           verify_drc
###############################################################
#set_verify_drc_mode -check_implant true -check_implant_across_rows false -check_ndr_spacing false -check_same_via_cell false -disable_rules "" -exclude_pg_net false -ignore_trial_route false -limit 1000 -report cla_4bit.drc.rpt

SHORT: ( Metal Short ) Special Wire of Net vdd & Pin of Cell g433__1786  ( Metal1 )
Bounds : ( 5.220, 5.040 ) ( 8.410, 5.400 )


SHORT: ( Metal Short ) Special Wire of Net vss & Pin of Cell g433__1786  ( Metal1 )
Bounds : ( 5.220, 7.650 ) ( 8.410, 8.010 )


SHORT: ( Metal Short ) Special Wire of Net vss & Pin of Cell g416__8780  ( Metal1 )
Bounds : ( 5.220, 12.870 ) ( 8.410, 13.230 )


SHORT: ( Metal Short ) Special Wire of Net vdd & Pin of Cell g416__8780  ( Metal1 )
Bounds : ( 5.220, 15.480 ) ( 11.600, 15.840 )


SHORT: ( Metal Short ) Special Wire of Net vss & Pin of Cell g423__9682  ( Metal1 )
Bounds : ( 5.220, 18.090 ) ( 10.440, 18.450 )


SHORT: ( Metal Short ) Special Wire of Net vdd & Pin of Cell g434__5953  ( Metal1 )
Bounds : ( 5.220, 20.700 ) ( 8.410, 21.060 )


SHORT: ( Metal Short ) Special Wire of Net vdd & Pin of Cell g435__5703  ( Metal1 )
Bounds : ( 6.090, 10.260 ) ( 7.250, 10.620 )


SHORT: ( Metal Short ) Special Wire of Net vss & Pin of Cell g418__4296  ( Metal1 )
Bounds : ( 9.280, 7.650 ) ( 12.180, 8.010 )


SHORT: ( Metal Short ) Special Wire of Net vdd & Pin of Cell g417__3772  ( Metal1 )
Bounds : ( 9.280, 10.260 ) ( 11.020, 10.620 )


SHORT: ( Metal Short ) Special Wire of Net vss & Pin of Cell g428__6877  ( Metal1 )
Bounds : ( 9.570, 12.870 ) ( 11.600, 13.230 )


SHORT: ( Metal Short ) Special Wire of Net vdd & Pin of Cell g422  ( Metal1 )
Bounds : ( 9.570, 20.700 ) ( 10.440, 21.060 )


SHORT: ( Metal Short ) Special Wire of Net vdd & Pin of Cell g418__4296  ( Metal1 )
Bounds : ( 9.860, 5.040 ) ( 12.180, 5.400 )


SHORT: ( Metal Short ) Special Wire of Net vss & Pin of Cell g420__1474  ( Metal1 )
Bounds : ( 10.730, 18.090 ) ( 12.760, 18.450 )


SHORT: ( Metal Short ) Special Wire of Net vdd & Pin of Cell g420__1474  ( Metal1 )
Bounds : ( 10.730, 20.700 ) ( 12.760, 21.060 )


SHORT: ( Metal Short ) Special Wire of Net vss & Pin of Cell g431__7118  ( Metal1 )
Bounds : ( 13.050, 7.650 ) ( 18.270, 8.010 )


SHORT: ( Metal Short ) Special Wire of Net vdd & Pin of Cell g430  ( Metal1 )
Bounds : ( 13.050, 10.260 ) ( 17.110, 10.620 )


SHORT: ( Metal Short ) Special Wire of Net vdd & Pin of Cell g426__1309  ( Metal1 )
Bounds : ( 13.050, 15.480 ) ( 14.790, 15.840 )


SHORT: ( Metal Short ) Special Wire of Net vss & Pin of Cell g432__8757  ( Metal1 )
Bounds : ( 13.050, 18.090 ) ( 20.590, 18.450 )


SHORT: ( Metal Short ) Special Wire of Net vdd & Pin of Cell g429__2391  ( Metal1 )
Bounds : ( 13.050, 20.700 ) ( 16.240, 21.060 )


SHORT: ( Metal Short ) Special Wire of Net vdd & Pin of Cell g431__7118  ( Metal1 )
Bounds : ( 13.630, 5.040 ) ( 18.270, 5.400 )


SHORT: ( Metal Short ) Special Wire of Net vss & Pin of Cell g427__2900  ( Metal1 )
Bounds : ( 13.630, 12.870 ) ( 15.950, 13.230 )


SHORT: ( Metal Short ) Special Wire of Net vdd & Pin of Cell g432__8757  ( Metal1 )
Bounds : ( 15.950, 15.480 ) ( 20.590, 15.840 )


SHORT: ( Metal Short ) Special Wire of Net vdd & Pin of Cell g421__4547  ( Metal1 )
Bounds : ( 17.690, 10.260 ) ( 20.010, 10.620 )


SHORT: ( Metal Short ) Special Wire of Net vss & Pin of Cell g421__4547  ( Metal1 )
Bounds : ( 17.690, 12.870 ) ( 20.010, 13.230 )


SHORT: ( Metal Short ) Special Wire of Net vdd & Pin of Cell g425__7675  ( Metal1 )
Bounds : ( 17.690, 20.700 ) ( 19.430, 21.060 )


SHORT: ( Metal Short ) Special Wire of Net vss & Pin of Cell g424  ( Metal1 )
Bounds : ( 19.140, 7.650 ) ( 20.010, 8.010 )


  Total Violations : 26 Viols.
